This file contains any messages produced by compilers while
running configure, to aid debugging if configure makes a mistake.

It was created by configure, which was
generated by GNU Autoconf 2.67.  Invocation command line was

  $ ./configure --prefix=/usr/local/apache2 --with-apr=/usr/local/apr --with-apr-util=/usr/local/apr-util --with-pcre=/usr/local/pcre --with-mpm=worker

## --------- ##
## Platform. ##
## --------- ##

hostname = ubuntu
uname -m = aarch64
uname -r = 4.1.6+
uname -s = Linux
uname -v = #489 SMP PREEMPT Sat Jan 9 16:19:09 HKT 2016

/usr/bin/uname -p = unknown
/bin/uname -X     = unknown

/bin/arch              = unknown
/usr/bin/arch -k       = unknown
/usr/convex/getsysinfo = unknown
/usr/bin/hostinfo      = unknown
/bin/machine           = unknown
/usr/bin/oslevel       = unknown
/bin/universe          = unknown

PATH: /usr/local/sbin
PATH: /usr/local/bin
PATH: /usr/sbin
PATH: /usr/bin
PATH: /sbin
PATH: /bin
PATH: /usr/games
PATH: /usr/local/games


## ----------- ##
## Core tests. ##
## ----------- ##

configure:2793: checking for chosen layout
configure:2795: result: Apache
configure:3598: checking for working mkdir -p
configure:3614: result: yes
configure:3629: checking build system type
configure:3643: result: aarch64-unknown-linux-gnu
configure:3663: checking host system type
configure:3676: result: aarch64-unknown-linux-gnu
configure:3696: checking target system type
configure:3709: result: aarch64-unknown-linux-gnu
configure:3780: checking for APR
configure:3859: result: yes
configure:4132: checking for APR-util
configure:4211: result: yes
configure:4453: checking for gcc
configure:4480: result: gcc
configure:4709: checking for C compiler version
configure:4718: gcc --version >&5
gcc (Ubuntu/Linaro 4.9.2-10ubuntu13) 4.9.2
Copyright (C) 2014 Free Software Foundation, Inc.
This is free software; see the source for copying conditions.  There is NO
warranty; not even for MERCHANTABILITY or FITNESS FOR A PARTICULAR PURPOSE.

configure:4729: $? = 0
configure:4718: gcc -v >&5
Using built-in specs.
COLLECT_GCC=gcc
COLLECT_LTO_WRAPPER=/usr/lib/gcc/aarch64-linux-gnu/4.9/lto-wrapper
Target: aarch64-linux-gnu
Configured with: ../src/configure -v --with-pkgversion='Ubuntu/Linaro 4.9.2-10ubuntu13' --with-bugurl=file:///usr/share/doc/gcc-4.9/README.Bugs --enable-languages=c,c++,java,go,d,fortran,objc,obj-c++ --prefix=/usr --program-suffix=-4.9 --enable-shared --enable-linker-build-id --libexecdir=/usr/lib --without-included-gettext --enable-threads=posix --with-gxx-include-dir=/usr/include/c++/4.9 --libdir=/usr/lib --enable-nls --with-sysroot=/ --enable-clocale=gnu --enable-libstdcxx-debug --enable-libstdcxx-time=yes --enable-gnu-unique-object --disable-libsanitizer --disable-libquadmath --enable-plugin --with-system-zlib --disable-browser-plugin --enable-java-awt=gtk --enable-gtk-cairo --with-java-home=/usr/lib/jvm/java-1.5.0-gcj-4.9-arm64/jre --enable-java-home --with-jvm-root-dir=/usr/lib/jvm/java-1.5.0-gcj-4.9-arm64 --with-jvm-jar-dir=/usr/lib/jvm-exports/java-1.5.0-gcj-4.9-arm64 --with-arch-directory=arm64 --with-ecj-jar=/usr/share/java/eclipse-ecj.jar --enable-multiarch --disable-werror --enable-checking=release --build=aarch64-linux-gnu --host=aarch64-linux-gnu --target=aarch64-linux-gnu
Thread model: posix
gcc version 4.9.2 (Ubuntu/Linaro 4.9.2-10ubuntu13) 
configure:4729: $? = 0
configure:4718: gcc -V >&5
gcc: error: unrecognized command line option '-V'
gcc: fatal error: no input files
compilation terminated.
configure:4729: $? = 4
configure:4718: gcc -qversion >&5
gcc: error: unrecognized command line option '-qversion'
gcc: fatal error: no input files
compilation terminated.
configure:4729: $? = 4
configure:4749: checking whether the C compiler works
configure:4771: gcc  -g -O2 -pthread  -DLINUX -D_REENTRANT -D_GNU_SOURCE   conftest.c  >&5
configure:4775: $? = 0
configure:4823: result: yes
configure:4826: checking for C compiler default output file name
configure:4828: result: a.out
configure:4834: checking for suffix of executables
configure:4841: gcc -o conftest  -g -O2 -pthread  -DLINUX -D_REENTRANT -D_GNU_SOURCE   conftest.c  >&5
configure:4845: $? = 0
configure:4867: result: 
configure:4889: checking whether we are cross compiling
configure:4897: gcc -o conftest  -g -O2 -pthread  -DLINUX -D_REENTRANT -D_GNU_SOURCE   conftest.c  >&5
configure:4901: $? = 0
configure:4908: ./conftest
configure:4912: $? = 0
configure:4927: result: no
configure:4932: checking for suffix of object files
configure:4954: gcc -c  -g -O2 -pthread  -DLINUX -D_REENTRANT -D_GNU_SOURCE conftest.c >&5
configure:4958: $? = 0
configure:4979: result: o
configure:4983: checking whether we are using the GNU C compiler
configure:5002: gcc -c  -g -O2 -pthread  -DLINUX -D_REENTRANT -D_GNU_SOURCE conftest.c >&5
configure:5002: $? = 0
configure:5011: result: yes
configure:5020: checking whether gcc accepts -g
configure:5040: gcc -c -g  -DLINUX -D_REENTRANT -D_GNU_SOURCE conftest.c >&5
configure:5040: $? = 0
configure:5081: result: yes
configure:5098: checking for gcc option to accept ISO C89
configure:5162: gcc  -c  -g -O2 -pthread  -DLINUX -D_REENTRANT -D_GNU_SOURCE conftest.c >&5
configure:5162: $? = 0
configure:5175: result: none needed
configure:5200: checking how to run the C preprocessor
configure:5270: result: gcc -E
configure:5290: gcc -E  -DLINUX -D_REENTRANT -D_GNU_SOURCE conftest.c
configure:5290: $? = 0
configure:5304: gcc -E  -DLINUX -D_REENTRANT -D_GNU_SOURCE conftest.c
conftest.c:9:28: fatal error: ac_nonexistent.h: No such file or directory
 #include <ac_nonexistent.h>
                            ^
compilation terminated.
configure:5304: $? = 1
configure: failed program was:
| /* confdefs.h */
| #define PACKAGE_NAME ""
| #define PACKAGE_TARNAME ""
| #define PACKAGE_VERSION ""
| #define PACKAGE_STRING ""
| #define PACKAGE_BUGREPORT ""
| #define PACKAGE_URL ""
| /* end confdefs.h.  */
| #include <ac_nonexistent.h>
configure:5405: Using external PCRE library from /usr/local/pcre/bin/pcre-config
configure:5924: checking for rm
configure:5942: found /bin/rm
configure:5954: result: /bin/rm
configure:5964: checking for pkg-config
configure:5997: result: no
configure:6004: checking for rsync
configure:6022: found /usr/bin/rsync
configure:6034: result: /usr/bin/rsync
configure:6046: checking for gawk
configure:6062: found /usr/bin/gawk
configure:6073: result: gawk
configure:6084: checking whether ln -s works
configure:6088: result: yes
configure:6138: checking for ranlib
configure:6154: found /usr/bin/ranlib
configure:6165: result: ranlib
configure:6191: checking for lynx
configure:6221: result: no
configure:6191: checking for links
configure:6221: result: no
configure:6191: checking for elinks
configure:6221: result: no
configure:6246: checking for grep that handles long lines and -e
configure:6304: result: /bin/grep
configure:6309: checking for egrep
configure:6371: result: /bin/grep -E
configure:6376: checking for ANSI C header files
configure:6396: gcc -c  -g -O2 -pthread -I/usr/local/pcre/include  -DLINUX -D_REENTRANT -D_GNU_SOURCE conftest.c >&5
configure:6396: $? = 0
configure:6469: gcc -o conftest  -g -O2 -pthread -I/usr/local/pcre/include  -DLINUX -D_REENTRANT -D_GNU_SOURCE   conftest.c -L/usr/local/pcre/lib -lpcre >&5
configure:6469: $? = 0
configure:6469: ./conftest
configure:6469: $? = 0
configure:6480: result: yes
configure:6493: checking for sys/types.h
configure:6493: gcc -c  -g -O2 -pthread -I/usr/local/pcre/include  -DLINUX -D_REENTRANT -D_GNU_SOURCE conftest.c >&5
configure:6493: $? = 0
configure:6493: result: yes
configure:6493: checking for sys/stat.h
configure:6493: gcc -c  -g -O2 -pthread -I/usr/local/pcre/include  -DLINUX -D_REENTRANT -D_GNU_SOURCE conftest.c >&5
configure:6493: $? = 0
configure:6493: result: yes
configure:6493: checking for stdlib.h
configure:6493: gcc -c  -g -O2 -pthread -I/usr/local/pcre/include  -DLINUX -D_REENTRANT -D_GNU_SOURCE conftest.c >&5
configure:6493: $? = 0
configure:6493: result: yes
configure:6493: checking for string.h
configure:6493: gcc -c  -g -O2 -pthread -I/usr/local/pcre/include  -DLINUX -D_REENTRANT -D_GNU_SOURCE conftest.c >&5
configure:6493: $? = 0
configure:6493: result: yes
configure:6493: checking for memory.h
configure:6493: gcc -c  -g -O2 -pthread -I/usr/local/pcre/include  -DLINUX -D_REENTRANT -D_GNU_SOURCE conftest.c >&5
configure:6493: $? = 0
configure:6493: result: yes
configure:6493: checking for strings.h
configure:6493: gcc -c  -g -O2 -pthread -I/usr/local/pcre/include  -DLINUX -D_REENTRANT -D_GNU_SOURCE conftest.c >&5
configure:6493: $? = 0
configure:6493: result: yes
configure:6493: checking for inttypes.h
configure:6493: gcc -c  -g -O2 -pthread -I/usr/local/pcre/include  -DLINUX -D_REENTRANT -D_GNU_SOURCE conftest.c >&5
configure:6493: $? = 0
configure:6493: result: yes
configure:6493: checking for stdint.h
configure:6493: gcc -c  -g -O2 -pthread -I/usr/local/pcre/include  -DLINUX -D_REENTRANT -D_GNU_SOURCE conftest.c >&5
configure:6493: $? = 0
configure:6493: result: yes
configure:6493: checking for unistd.h
configure:6493: gcc -c  -g -O2 -pthread -I/usr/local/pcre/include  -DLINUX -D_REENTRANT -D_GNU_SOURCE conftest.c >&5
configure:6493: $? = 0
configure:6493: result: yes
configure:6506: checking minix/config.h usability
configure:6506: gcc -c  -g -O2 -pthread -I/usr/local/pcre/include  -DLINUX -D_REENTRANT -D_GNU_SOURCE conftest.c >&5
conftest.c:52:26: fatal error: minix/config.h: No such file or directory
 #include <minix/config.h>
                          ^
compilation terminated.
configure:6506: $? = 1
configure: failed program was:
| /* confdefs.h */
| #define PACKAGE_NAME ""
| #define PACKAGE_TARNAME ""
| #define PACKAGE_VERSION ""
| #define PACKAGE_STRING ""
| #define PACKAGE_BUGREPORT ""
| #define PACKAGE_URL ""
| #define STDC_HEADERS 1
| #define HAVE_SYS_TYPES_H 1
| #define HAVE_SYS_STAT_H 1
| #define HAVE_STDLIB_H 1
| #define HAVE_STRING_H 1
| #define HAVE_MEMORY_H 1
| #define HAVE_STRINGS_H 1
| #define HAVE_INTTYPES_H 1
| #define HAVE_STDINT_H 1
| #define HAVE_UNISTD_H 1
| /* end confdefs.h.  */
| #include <stdio.h>
| #ifdef HAVE_SYS_TYPES_H
| # include <sys/types.h>
| #endif
| #ifdef HAVE_SYS_STAT_H
| # include <sys/stat.h>
| #endif
| #ifdef STDC_HEADERS
| # include <stdlib.h>
| # include <stddef.h>
| #else
| # ifdef HAVE_STDLIB_H
| #  include <stdlib.h>
| # endif
| #endif
| #ifdef HAVE_STRING_H
| # if !defined STDC_HEADERS && defined HAVE_MEMORY_H
| #  include <memory.h>
| # endif
| # include <string.h>
| #endif
| #ifdef HAVE_STRINGS_H
| # include <strings.h>
| #endif
| #ifdef HAVE_INTTYPES_H
| # include <inttypes.h>
| #endif
| #ifdef HAVE_STDINT_H
| # include <stdint.h>
| #endif
| #ifdef HAVE_UNISTD_H
| # include <unistd.h>
| #endif
| #include <minix/config.h>
configure:6506: result: no
configure:6506: checking minix/config.h presence
configure:6506: gcc -E  -DLINUX -D_REENTRANT -D_GNU_SOURCE conftest.c
conftest.c:19:26: fatal error: minix/config.h: No such file or directory
 #include <minix/config.h>
                          ^
compilation terminated.
configure:6506: $? = 1
configure: failed program was:
| /* confdefs.h */
| #define PACKAGE_NAME ""
| #define PACKAGE_TARNAME ""
| #define PACKAGE_VERSION ""
| #define PACKAGE_STRING ""
| #define PACKAGE_BUGREPORT ""
| #define PACKAGE_URL ""
| #define STDC_HEADERS 1
| #define HAVE_SYS_TYPES_H 1
| #define HAVE_SYS_STAT_H 1
| #define HAVE_STDLIB_H 1
| #define HAVE_STRING_H 1
| #define HAVE_MEMORY_H 1
| #define HAVE_STRINGS_H 1
| #define HAVE_INTTYPES_H 1
| #define HAVE_STDINT_H 1
| #define HAVE_UNISTD_H 1
| /* end confdefs.h.  */
| #include <minix/config.h>
configure:6506: result: no
configure:6506: checking for minix/config.h
configure:6506: result: no
configure:6527: checking whether it is safe to define __EXTENSIONS__
configure:6545: gcc -c  -g -O2 -pthread -I/usr/local/pcre/include  -DLINUX -D_REENTRANT -D_GNU_SOURCE conftest.c >&5
configure:6545: $? = 0
configure:6552: result: yes
configure:6568: checking for library containing strerror
configure:6599: gcc -o conftest  -g -O2 -pthread -I/usr/local/pcre/include  -DLINUX -D_REENTRANT -D_GNU_SOURCE   conftest.c -L/usr/local/pcre/lib -lpcre >&5
configure:6599: $? = 0
configure:6616: result: none required
configure:6638: checking for APR version 1.2.0 or later
configure:6662: result: yes
configure:6695: checking for APR-util version 1.2.0 or later
configure:6719: result: yes
configure:6821: checking for ANSI C header files
configure:6925: result: yes
configure:6947: checking for string.h
configure:6947: result: yes
configure:6947: checking limits.h usability
configure:6947: gcc -c  -g -O2 -pthread -I/usr/local/pcre/include  -DLINUX -D_REENTRANT -D_GNU_SOURCE conftest.c >&5
configure:6947: $? = 0
configure:6947: result: yes
configure:6947: checking limits.h presence
configure:6947: gcc -E  -DLINUX -D_REENTRANT -D_GNU_SOURCE conftest.c
configure:6947: $? = 0
configure:6947: result: yes
configure:6947: checking for limits.h
configure:6947: result: yes
configure:6947: checking for unistd.h
configure:6947: result: yes
configure:6947: checking sys/socket.h usability
configure:6947: gcc -c  -g -O2 -pthread -I/usr/local/pcre/include  -DLINUX -D_REENTRANT -D_GNU_SOURCE conftest.c >&5
configure:6947: $? = 0
configure:6947: result: yes
configure:6947: checking sys/socket.h presence
configure:6947: gcc -E  -DLINUX -D_REENTRANT -D_GNU_SOURCE conftest.c
configure:6947: $? = 0
configure:6947: result: yes
configure:6947: checking for sys/socket.h
configure:6947: result: yes
configure:6947: checking pwd.h usability
configure:6947: gcc -c  -g -O2 -pthread -I/usr/local/pcre/include  -DLINUX -D_REENTRANT -D_GNU_SOURCE conftest.c >&5
configure:6947: $? = 0
configure:6947: result: yes
configure:6947: checking pwd.h presence
configure:6947: gcc -E  -DLINUX -D_REENTRANT -D_GNU_SOURCE conftest.c
configure:6947: $? = 0
configure:6947: result: yes
configure:6947: checking for pwd.h
configure:6947: result: yes
configure:6947: checking grp.h usability
configure:6947: gcc -c  -g -O2 -pthread -I/usr/local/pcre/include  -DLINUX -D_REENTRANT -D_GNU_SOURCE conftest.c >&5
configure:6947: $? = 0
configure:6947: result: yes
configure:6947: checking grp.h presence
configure:6947: gcc -E  -DLINUX -D_REENTRANT -D_GNU_SOURCE conftest.c
configure:6947: $? = 0
configure:6947: result: yes
configure:6947: checking for grp.h
configure:6947: result: yes
configure:6947: checking for strings.h
configure:6947: result: yes
configure:6947: checking sys/prctl.h usability
configure:6947: gcc -c  -g -O2 -pthread -I/usr/local/pcre/include  -DLINUX -D_REENTRANT -D_GNU_SOURCE conftest.c >&5
configure:6947: $? = 0
configure:6947: result: yes
configure:6947: checking sys/prctl.h presence
configure:6947: gcc -E  -DLINUX -D_REENTRANT -D_GNU_SOURCE conftest.c
configure:6947: $? = 0
configure:6947: result: yes
configure:6947: checking for sys/prctl.h
configure:6947: result: yes
configure:6947: checking sys/processor.h usability
configure:6947: gcc -c  -g -O2 -pthread -I/usr/local/pcre/include  -DLINUX -D_REENTRANT -D_GNU_SOURCE conftest.c >&5
conftest.c:66:27: fatal error: sys/processor.h: No such file or directory
 #include <sys/processor.h>
                           ^
compilation terminated.
configure:6947: $? = 1
configure: failed program was:
| /* confdefs.h */
| #define PACKAGE_NAME ""
| #define PACKAGE_TARNAME ""
| #define PACKAGE_VERSION ""
| #define PACKAGE_STRING ""
| #define PACKAGE_BUGREPORT ""
| #define PACKAGE_URL ""
| #define STDC_HEADERS 1
| #define HAVE_SYS_TYPES_H 1
| #define HAVE_SYS_STAT_H 1
| #define HAVE_STDLIB_H 1
| #define HAVE_STRING_H 1
| #define HAVE_MEMORY_H 1
| #define HAVE_STRINGS_H 1
| #define HAVE_INTTYPES_H 1
| #define HAVE_STDINT_H 1
| #define HAVE_UNISTD_H 1
| #define __EXTENSIONS__ 1
| #define _ALL_SOURCE 1
| #define _GNU_SOURCE 1
| #define _POSIX_PTHREAD_SEMANTICS 1
| #define _TANDEM_SOURCE 1
| #define STDC_HEADERS 1
| #define HAVE_STRING_H 1
| #define HAVE_LIMITS_H 1
| #define HAVE_UNISTD_H 1
| #define HAVE_SYS_SOCKET_H 1
| #define HAVE_PWD_H 1
| #define HAVE_GRP_H 1
| #define HAVE_STRINGS_H 1
| #define HAVE_SYS_PRCTL_H 1
| /* end confdefs.h.  */
| #include <stdio.h>
| #ifdef HAVE_SYS_TYPES_H
| # include <sys/types.h>
| #endif
| #ifdef HAVE_SYS_STAT_H
| # include <sys/stat.h>
| #endif
| #ifdef STDC_HEADERS
| # include <stdlib.h>
| # include <stddef.h>
| #else
| # ifdef HAVE_STDLIB_H
| #  include <stdlib.h>
| # endif
| #endif
| #ifdef HAVE_STRING_H
| # if !defined STDC_HEADERS && defined HAVE_MEMORY_H
| #  include <memory.h>
| # endif
| # include <string.h>
| #endif
| #ifdef HAVE_STRINGS_H
| # include <strings.h>
| #endif
| #ifdef HAVE_INTTYPES_H
| # include <inttypes.h>
| #endif
| #ifdef HAVE_STDINT_H
| # include <stdint.h>
| #endif
| #ifdef HAVE_UNISTD_H
| # include <unistd.h>
| #endif
| #include <sys/processor.h>
configure:6947: result: no
configure:6947: checking sys/processor.h presence
configure:6947: gcc -E  -DLINUX -D_REENTRANT -D_GNU_SOURCE conftest.c
conftest.c:33:27: fatal error: sys/processor.h: No such file or directory
 #include <sys/processor.h>
                           ^
compilation terminated.
configure:6947: $? = 1
configure: failed program was:
| /* confdefs.h */
| #define PACKAGE_NAME ""
| #define PACKAGE_TARNAME ""
| #define PACKAGE_VERSION ""
| #define PACKAGE_STRING ""
| #define PACKAGE_BUGREPORT ""
| #define PACKAGE_URL ""
| #define STDC_HEADERS 1
| #define HAVE_SYS_TYPES_H 1
| #define HAVE_SYS_STAT_H 1
| #define HAVE_STDLIB_H 1
| #define HAVE_STRING_H 1
| #define HAVE_MEMORY_H 1
| #define HAVE_STRINGS_H 1
| #define HAVE_INTTYPES_H 1
| #define HAVE_STDINT_H 1
| #define HAVE_UNISTD_H 1
| #define __EXTENSIONS__ 1
| #define _ALL_SOURCE 1
| #define _GNU_SOURCE 1
| #define _POSIX_PTHREAD_SEMANTICS 1
| #define _TANDEM_SOURCE 1
| #define STDC_HEADERS 1
| #define HAVE_STRING_H 1
| #define HAVE_LIMITS_H 1
| #define HAVE_UNISTD_H 1
| #define HAVE_SYS_SOCKET_H 1
| #define HAVE_PWD_H 1
| #define HAVE_GRP_H 1
| #define HAVE_STRINGS_H 1
| #define HAVE_SYS_PRCTL_H 1
| /* end confdefs.h.  */
| #include <sys/processor.h>
configure:6947: result: no
configure:6947: checking for sys/processor.h
configure:6947: result: no
configure:6947: checking sys/sem.h usability
configure:6947: gcc -c  -g -O2 -pthread -I/usr/local/pcre/include  -DLINUX -D_REENTRANT -D_GNU_SOURCE conftest.c >&5
configure:6947: $? = 0
configure:6947: result: yes
configure:6947: checking sys/sem.h presence
configure:6947: gcc -E  -DLINUX -D_REENTRANT -D_GNU_SOURCE conftest.c
configure:6947: $? = 0
configure:6947: result: yes
configure:6947: checking for sys/sem.h
configure:6947: result: yes
configure:6957: checking for sys/wait.h that is POSIX.1 compatible
configure:6983: gcc -c  -g -O2 -pthread -I/usr/local/pcre/include  -DLINUX -D_REENTRANT -D_GNU_SOURCE conftest.c >&5
configure:6983: $? = 0
configure:6990: result: yes
configure:7000: checking for an ANSI C-conforming const
configure:7065: gcc -c  -g -O2 -pthread -I/usr/local/pcre/include  -DLINUX -D_REENTRANT -D_GNU_SOURCE conftest.c >&5
configure:7065: $? = 0
configure:7072: result: yes
configure:7081: checking for library containing sqrt
configure:7112: gcc -o conftest  -g -O2 -pthread -I/usr/local/pcre/include  -DLINUX -D_REENTRANT -D_GNU_SOURCE   conftest.c -L/usr/local/pcre/lib -lpcre >&5
conftest.c:42:6: warning: conflicting types for built-in function 'sqrt'
 char sqrt ();
      ^
/tmp/ccUIUIbE.o: In function `main':
/root/apache+php/httpd-2.2.29/conftest.c:46: undefined reference to `sqrt'
collect2: error: ld returned 1 exit status
configure:7112: $? = 1
configure: failed program was:
| /* confdefs.h */
| #define PACKAGE_NAME ""
| #define PACKAGE_TARNAME ""
| #define PACKAGE_VERSION ""
| #define PACKAGE_STRING ""
| #define PACKAGE_BUGREPORT ""
| #define PACKAGE_URL ""
| #define STDC_HEADERS 1
| #define HAVE_SYS_TYPES_H 1
| #define HAVE_SYS_STAT_H 1
| #define HAVE_STDLIB_H 1
| #define HAVE_STRING_H 1
| #define HAVE_MEMORY_H 1
| #define HAVE_STRINGS_H 1
| #define HAVE_INTTYPES_H 1
| #define HAVE_STDINT_H 1
| #define HAVE_UNISTD_H 1
| #define __EXTENSIONS__ 1
| #define _ALL_SOURCE 1
| #define _GNU_SOURCE 1
| #define _POSIX_PTHREAD_SEMANTICS 1
| #define _TANDEM_SOURCE 1
| #define STDC_HEADERS 1
| #define HAVE_STRING_H 1
| #define HAVE_LIMITS_H 1
| #define HAVE_UNISTD_H 1
| #define HAVE_SYS_SOCKET_H 1
| #define HAVE_PWD_H 1
| #define HAVE_GRP_H 1
| #define HAVE_STRINGS_H 1
| #define HAVE_SYS_PRCTL_H 1
| #define HAVE_SYS_SEM_H 1
| #define HAVE_SYS_WAIT_H 1
| /* end confdefs.h.  */
| 
| /* Override any GCC internal prototype to avoid an error.
|    Use char because int might match the return type of a GCC
|    builtin and then its argument prototype would still apply.  */
| #ifdef __cplusplus
| extern "C"
| #endif
| char sqrt ();
| int
| main ()
| {
| return sqrt ();
|   ;
|   return 0;
| }
configure:7112: gcc -o conftest  -g -O2 -pthread -I/usr/local/pcre/include  -DLINUX -D_REENTRANT -D_GNU_SOURCE   conftest.c -lm  -L/usr/local/pcre/lib -lpcre >&5
conftest.c:42:6: warning: conflicting types for built-in function 'sqrt'
 char sqrt ();
      ^
configure:7112: $? = 0
configure:7129: result: -lm
configure:7140: checking for library containing crypt
configure:7171: gcc -o conftest  -g -O2 -pthread -I/usr/local/pcre/include  -DLINUX -D_REENTRANT -D_GNU_SOURCE   conftest.c  >&5
/tmp/cciqPBOX.o: In function `main':
/root/apache+php/httpd-2.2.29/conftest.c:46: undefined reference to `crypt'
collect2: error: ld returned 1 exit status
configure:7171: $? = 1
configure: failed program was:
| /* confdefs.h */
| #define PACKAGE_NAME ""
| #define PACKAGE_TARNAME ""
| #define PACKAGE_VERSION ""
| #define PACKAGE_STRING ""
| #define PACKAGE_BUGREPORT ""
| #define PACKAGE_URL ""
| #define STDC_HEADERS 1
| #define HAVE_SYS_TYPES_H 1
| #define HAVE_SYS_STAT_H 1
| #define HAVE_STDLIB_H 1
| #define HAVE_STRING_H 1
| #define HAVE_MEMORY_H 1
| #define HAVE_STRINGS_H 1
| #define HAVE_INTTYPES_H 1
| #define HAVE_STDINT_H 1
| #define HAVE_UNISTD_H 1
| #define __EXTENSIONS__ 1
| #define _ALL_SOURCE 1
| #define _GNU_SOURCE 1
| #define _POSIX_PTHREAD_SEMANTICS 1
| #define _TANDEM_SOURCE 1
| #define STDC_HEADERS 1
| #define HAVE_STRING_H 1
| #define HAVE_LIMITS_H 1
| #define HAVE_UNISTD_H 1
| #define HAVE_SYS_SOCKET_H 1
| #define HAVE_PWD_H 1
| #define HAVE_GRP_H 1
| #define HAVE_STRINGS_H 1
| #define HAVE_SYS_PRCTL_H 1
| #define HAVE_SYS_SEM_H 1
| #define HAVE_SYS_WAIT_H 1
| /* end confdefs.h.  */
| 
| /* Override any GCC internal prototype to avoid an error.
|    Use char because int might match the return type of a GCC
|    builtin and then its argument prototype would still apply.  */
| #ifdef __cplusplus
| extern "C"
| #endif
| char crypt ();
| int
| main ()
| {
| return crypt ();
|   ;
|   return 0;
| }
configure:7171: gcc -o conftest  -g -O2 -pthread -I/usr/local/pcre/include  -DLINUX -D_REENTRANT -D_GNU_SOURCE   conftest.c -lcrypt   >&5
configure:7171: $? = 0
configure:7188: result: -lcrypt
configure:7215: checking for getpwnam
configure:7215: gcc -o conftest  -g -O2 -pthread -I/usr/local/pcre/include  -DLINUX -D_REENTRANT -D_GNU_SOURCE   conftest.c -lm -L/usr/local/pcre/lib -lpcre >&5
configure:7215: $? = 0
configure:7215: result: yes
configure:7215: checking for getgrnam
configure:7215: gcc -o conftest  -g -O2 -pthread -I/usr/local/pcre/include  -DLINUX -D_REENTRANT -D_GNU_SOURCE   conftest.c -lm -L/usr/local/pcre/lib -lpcre >&5
configure:7215: $? = 0
configure:7215: result: yes
configure:7215: checking for initgroups
configure:7215: gcc -o conftest  -g -O2 -pthread -I/usr/local/pcre/include  -DLINUX -D_REENTRANT -D_GNU_SOURCE   conftest.c -lm -L/usr/local/pcre/lib -lpcre >&5
configure:7215: $? = 0
configure:7215: result: yes
configure:7215: checking for bindprocessor
configure:7215: gcc -o conftest  -g -O2 -pthread -I/usr/local/pcre/include  -DLINUX -D_REENTRANT -D_GNU_SOURCE   conftest.c -lm -L/usr/local/pcre/lib -lpcre >&5
/tmp/ccsMxQNM.o: In function `main':
/root/apache+php/httpd-2.2.29/conftest.c:72: undefined reference to `bindprocessor'
collect2: error: ld returned 1 exit status
configure:7215: $? = 1
configure: failed program was:
| /* confdefs.h */
| #define PACKAGE_NAME ""
| #define PACKAGE_TARNAME ""
| #define PACKAGE_VERSION ""
| #define PACKAGE_STRING ""
| #define PACKAGE_BUGREPORT ""
| #define PACKAGE_URL ""
| #define STDC_HEADERS 1
| #define HAVE_SYS_TYPES_H 1
| #define HAVE_SYS_STAT_H 1
| #define HAVE_STDLIB_H 1
| #define HAVE_STRING_H 1
| #define HAVE_MEMORY_H 1
| #define HAVE_STRINGS_H 1
| #define HAVE_INTTYPES_H 1
| #define HAVE_STDINT_H 1
| #define HAVE_UNISTD_H 1
| #define __EXTENSIONS__ 1
| #define _ALL_SOURCE 1
| #define _GNU_SOURCE 1
| #define _POSIX_PTHREAD_SEMANTICS 1
| #define _TANDEM_SOURCE 1
| #define STDC_HEADERS 1
| #define HAVE_STRING_H 1
| #define HAVE_LIMITS_H 1
| #define HAVE_UNISTD_H 1
| #define HAVE_SYS_SOCKET_H 1
| #define HAVE_PWD_H 1
| #define HAVE_GRP_H 1
| #define HAVE_STRINGS_H 1
| #define HAVE_SYS_PRCTL_H 1
| #define HAVE_SYS_SEM_H 1
| #define HAVE_SYS_WAIT_H 1
| #define HAVE_GETPWNAM 1
| #define HAVE_GETGRNAM 1
| #define HAVE_INITGROUPS 1
| /* end confdefs.h.  */
| /* Define bindprocessor to an innocuous variant, in case <limits.h> declares bindprocessor.
|    For example, HP-UX 11i <limits.h> declares gettimeofday.  */
| #define bindprocessor innocuous_bindprocessor
| 
| /* System header to define __stub macros and hopefully few prototypes,
|     which can conflict with char bindprocessor (); below.
|     Prefer <limits.h> to <assert.h> if __STDC__ is defined, since
|     <limits.h> exists even on freestanding compilers.  */
| 
| #ifdef __STDC__
| # include <limits.h>
| #else
| # include <assert.h>
| #endif
| 
| #undef bindprocessor
| 
| /* Override any GCC internal prototype to avoid an error.
|    Use char because int might match the return type of a GCC
|    builtin and then its argument prototype would still apply.  */
| #ifdef __cplusplus
| extern "C"
| #endif
| char bindprocessor ();
| /* The GNU C library defines this for functions which it implements
|     to always fail with ENOSYS.  Some functions are actually named
|     something starting with __ and the normal name is an alias.  */
| #if defined __stub_bindprocessor || defined __stub___bindprocessor
| choke me
| #endif
| 
| int
| main ()
| {
| return bindprocessor ();
|   ;
|   return 0;
| }
configure:7215: result: no
configure:7215: checking for prctl
configure:7215: gcc -o conftest  -g -O2 -pthread -I/usr/local/pcre/include  -DLINUX -D_REENTRANT -D_GNU_SOURCE   conftest.c -lm -L/usr/local/pcre/lib -lpcre >&5
configure:7215: $? = 0
configure:7215: result: yes
configure:7215: checking for timegm
configure:7215: gcc -o conftest  -g -O2 -pthread -I/usr/local/pcre/include  -DLINUX -D_REENTRANT -D_GNU_SOURCE   conftest.c -lm -L/usr/local/pcre/lib -lpcre >&5
configure:7215: $? = 0
configure:7215: result: yes
configure:7215: checking for getpgid
configure:7215: gcc -o conftest  -g -O2 -pthread -I/usr/local/pcre/include  -DLINUX -D_REENTRANT -D_GNU_SOURCE   conftest.c -lm -L/usr/local/pcre/lib -lpcre >&5
configure:7215: $? = 0
configure:7215: result: yes
configure:7227: checking for void pointer length
configure:7243: gcc -o conftest  -g -O2 -pthread -I/usr/local/pcre/include  -DLINUX -D_REENTRANT -D_GNU_SOURCE   conftest.c -lm -L/usr/local/pcre/lib -lpcre >&5
configure:7243: $? = 0
configure:7243: ./conftest
configure:7243: $? = 0
configure:7253: result: no
configure:7261: checking for tm_gmtoff in struct tm
configure:7278: gcc -c  -g -O2 -pthread -I/usr/local/pcre/include  -DLINUX -D_REENTRANT -D_GNU_SOURCE conftest.c >&5
configure:7278: $? = 0
configure:7285: result: yes
configure:7518: checking whether to enable mod_authn_file
configure:7556: result: yes (default)
configure:7611: checking whether to enable mod_authn_dbm
configure:7649: result: no
configure:7704: checking whether to enable mod_authn_anon
configure:7742: result: no
configure:7797: checking whether to enable mod_authn_dbd
configure:7835: result: no
configure:7891: checking whether to enable mod_authn_default
configure:7929: result: yes (default)
configure:7985: checking whether to enable mod_authn_alias
configure:8023: result: no
configure:8079: checking whether to enable mod_authz_host
configure:8117: result: yes (default)
configure:8172: checking whether to enable mod_authz_groupfile
configure:8210: result: yes (default)
configure:8265: checking whether to enable mod_authz_user
configure:8303: result: yes (default)
configure:8358: checking whether to enable mod_authz_dbm
configure:8396: result: no
configure:8451: checking whether to enable mod_authz_owner
configure:8489: result: no
configure:8545: checking whether to enable mod_authnz_ldap
configure:8597: result: no
configure:8653: checking whether to enable mod_authz_default
configure:8691: result: yes (default)
configure:8748: checking whether to enable mod_auth_basic
configure:8786: result: yes (default)
configure:8841: checking whether to enable mod_auth_digest
configure:8918: result: no
configure:8999: checking whether to enable mod_isapi
configure:9037: result: no
configure:9118: checking whether to enable mod_file_cache
configure:9156: result: no
configure:9214: checking whether to enable mod_cache
configure:9252: result: no
configure:9307: checking whether to enable mod_disk_cache
configure:9345: result: no
configure:9400: checking whether to enable mod_mem_cache
configure:9438: result: no
configure:9518: checking whether to enable mod_dbd
configure:9556: result: no
configure:9636: checking whether to enable mod_bucketeer
configure:9674: result: no
configure:9729: checking whether to enable mod_dumpio
configure:9767: result: no
configure:9848: checking whether to enable mod_echo
configure:9886: result: no
configure:9966: checking whether to enable mod_example
configure:10004: result: no
configure:10059: checking whether to enable mod_case_filter
configure:10097: result: no
configure:10152: checking whether to enable mod_case_filter_in
configure:10190: result: no
configure:10271: checking whether to enable mod_reqtimeout
configure:10309: result: no
configure:10364: checking whether to enable mod_ext_filter
configure:10402: result: no
configure:10457: checking whether to enable mod_include
configure:10495: result: yes (default)
configure:10550: checking whether to enable mod_filter
configure:10588: result: yes (default)
configure:10643: checking whether to enable mod_substitute
configure:10681: result: no
configure:10834: checking whether to enable mod_charset_lite
configure:10872: result: no
configure:10930: checking whether to enable mod_deflate
configure:11160: result: no
configure:11242: checking whether to enable mod_ldap
configure:11294: result: no
configure:11375: checking whether to enable mod_log_config
configure:11413: result: yes (default)
configure:11468: checking whether to enable mod_log_forensic
configure:11506: result: no
configure:11587: checking whether to enable mod_logio
configure:11625: result: no
configure:11706: checking whether to enable mod_env
configure:11744: result: yes (default)
configure:11799: checking whether to enable mod_mime_magic
configure:11837: result: no
configure:11892: checking whether to enable mod_cern_meta
configure:11930: result: no
configure:11985: checking whether to enable mod_expires
configure:12023: result: no
configure:12078: checking whether to enable mod_headers
configure:12116: result: no
configure:12171: checking whether to enable mod_ident
configure:12209: result: no
configure:12265: checking whether to enable mod_usertrack
configure:12338: result: no
configure:12394: checking whether to enable mod_unique_id
configure:12432: result: no
configure:12487: checking whether to enable mod_setenvif
configure:12525: result: yes (default)
configure:12580: checking whether to enable mod_version
configure:12618: result: yes (default)
configure:12707: checking whether to enable mod_proxy
configure:12745: result: no
configure:12821: checking whether to enable mod_proxy_connect
configure:12859: result: no
configure:12914: checking whether to enable mod_proxy_ftp
configure:12952: result: no
configure:13007: checking whether to enable mod_proxy_http
configure:13045: result: no
configure:13100: checking whether to enable mod_proxy_scgi
configure:13138: result: no
configure:13193: checking whether to enable mod_proxy_ajp
configure:13231: result: no
configure:13286: checking whether to enable mod_proxy_balancer
configure:13324: result: no
configure:13429: checking whether to enable mod_ssl
configure:14082: result: no
configure:14186: checking whether to enable mod_optional_hook_export
configure:14224: result: no
configure:14279: checking whether to enable mod_optional_hook_import
configure:14317: result: no
configure:14372: checking whether to enable mod_optional_fn_import
configure:14410: result: no
configure:14465: checking whether to enable mod_optional_fn_export
configure:14503: result: no
configure:14596: checking for target platform
configure:14625: result: unix
configure:14657: checking for rlim_t
configure:14678: gcc -c  -g -O2 -pthread -I/usr/local/pcre/include  -DLINUX -D_REENTRANT -D_GNU_SOURCE conftest.c >&5
configure:14678: $? = 0
configure:14689: result: yes
configure:14701: checking sys/time.h usability
configure:14701: gcc -c  -g -O2 -pthread -I/usr/local/pcre/include  -DLINUX -D_REENTRANT -D_GNU_SOURCE conftest.c >&5
configure:14701: $? = 0
configure:14701: result: yes
configure:14701: checking sys/time.h presence
configure:14701: gcc -E  -DLINUX -D_REENTRANT -D_GNU_SOURCE conftest.c
configure:14701: $? = 0
configure:14701: result: yes
configure:14701: checking for sys/time.h
configure:14701: result: yes
configure:14701: checking sys/resource.h usability
configure:14701: gcc -c  -g -O2 -pthread -I/usr/local/pcre/include  -DLINUX -D_REENTRANT -D_GNU_SOURCE conftest.c >&5
configure:14701: $? = 0
configure:14701: result: yes
configure:14701: checking sys/resource.h presence
configure:14701: gcc -E  -DLINUX -D_REENTRANT -D_GNU_SOURCE conftest.c
configure:14701: $? = 0
configure:14701: result: yes
configure:14701: checking for sys/resource.h
configure:14701: result: yes
configure:14701: checking for sys/sem.h
configure:14701: result: yes
configure:14701: checking sys/ipc.h usability
configure:14701: gcc -c  -g -O2 -pthread -I/usr/local/pcre/include  -DLINUX -D_REENTRANT -D_GNU_SOURCE conftest.c >&5
configure:14701: $? = 0
configure:14701: result: yes
configure:14701: checking sys/ipc.h presence
configure:14701: gcc -E  -DLINUX -D_REENTRANT -D_GNU_SOURCE conftest.c
configure:14701: $? = 0
configure:14701: result: yes
configure:14701: checking for sys/ipc.h
configure:14701: result: yes
configure:14715: checking for setsid
configure:14715: gcc -o conftest  -g -O2 -pthread -I/usr/local/pcre/include  -DLINUX -D_REENTRANT -D_GNU_SOURCE   conftest.c -lm -L/usr/local/pcre/lib -lpcre >&5
configure:14715: $? = 0
configure:14715: result: yes
configure:14715: checking for killpg
configure:14715: gcc -o conftest  -g -O2 -pthread -I/usr/local/pcre/include  -DLINUX -D_REENTRANT -D_GNU_SOURCE   conftest.c -lm -L/usr/local/pcre/lib -lpcre >&5
configure:14715: $? = 0
configure:14715: result: yes
configure:14731: checking bstring.h usability
configure:14731: gcc -c  -g -O2 -pthread -I/usr/local/pcre/include  -DLINUX -D_REENTRANT -D_GNU_SOURCE conftest.c >&5
conftest.c:82:21: fatal error: bstring.h: No such file or directory
 #include <bstring.h>
                     ^
compilation terminated.
configure:14731: $? = 1
configure: failed program was:
| /* confdefs.h */
| #define PACKAGE_NAME ""
| #define PACKAGE_TARNAME ""
| #define PACKAGE_VERSION ""
| #define PACKAGE_STRING ""
| #define PACKAGE_BUGREPORT ""
| #define PACKAGE_URL ""
| #define STDC_HEADERS 1
| #define HAVE_SYS_TYPES_H 1
| #define HAVE_SYS_STAT_H 1
| #define HAVE_STDLIB_H 1
| #define HAVE_STRING_H 1
| #define HAVE_MEMORY_H 1
| #define HAVE_STRINGS_H 1
| #define HAVE_INTTYPES_H 1
| #define HAVE_STDINT_H 1
| #define HAVE_UNISTD_H 1
| #define __EXTENSIONS__ 1
| #define _ALL_SOURCE 1
| #define _GNU_SOURCE 1
| #define _POSIX_PTHREAD_SEMANTICS 1
| #define _TANDEM_SOURCE 1
| #define STDC_HEADERS 1
| #define HAVE_STRING_H 1
| #define HAVE_LIMITS_H 1
| #define HAVE_UNISTD_H 1
| #define HAVE_SYS_SOCKET_H 1
| #define HAVE_PWD_H 1
| #define HAVE_GRP_H 1
| #define HAVE_STRINGS_H 1
| #define HAVE_SYS_PRCTL_H 1
| #define HAVE_SYS_SEM_H 1
| #define HAVE_SYS_WAIT_H 1
| #define HAVE_GETPWNAM 1
| #define HAVE_GETGRNAM 1
| #define HAVE_INITGROUPS 1
| #define HAVE_PRCTL 1
| #define HAVE_TIMEGM 1
| #define HAVE_GETPGID 1
| #define HAVE_GMTOFF 1
| #define AP_ENABLE_V4_MAPPED 1
| #define HAVE_SYS_TIME_H 1
| #define HAVE_SYS_RESOURCE_H 1
| #define HAVE_SYS_SEM_H 1
| #define HAVE_SYS_IPC_H 1
| #define HAVE_SETSID 1
| #define HAVE_KILLPG 1
| /* end confdefs.h.  */
| #include <stdio.h>
| #ifdef HAVE_SYS_TYPES_H
| # include <sys/types.h>
| #endif
| #ifdef HAVE_SYS_STAT_H
| # include <sys/stat.h>
| #endif
| #ifdef STDC_HEADERS
| # include <stdlib.h>
| # include <stddef.h>
| #else
| # ifdef HAVE_STDLIB_H
| #  include <stdlib.h>
| # endif
| #endif
| #ifdef HAVE_STRING_H
| # if !defined STDC_HEADERS && defined HAVE_MEMORY_H
| #  include <memory.h>
| # endif
| # include <string.h>
| #endif
| #ifdef HAVE_STRINGS_H
| # include <strings.h>
| #endif
| #ifdef HAVE_INTTYPES_H
| # include <inttypes.h>
| #endif
| #ifdef HAVE_STDINT_H
| # include <stdint.h>
| #endif
| #ifdef HAVE_UNISTD_H
| # include <unistd.h>
| #endif
| #include <bstring.h>
configure:14731: result: no
configure:14731: checking bstring.h presence
configure:14731: gcc -E  -DLINUX -D_REENTRANT -D_GNU_SOURCE conftest.c
conftest.c:49:21: fatal error: bstring.h: No such file or directory
 #include <bstring.h>
                     ^
compilation terminated.
configure:14731: $? = 1
configure: failed program was:
| /* confdefs.h */
| #define PACKAGE_NAME ""
| #define PACKAGE_TARNAME ""
| #define PACKAGE_VERSION ""
| #define PACKAGE_STRING ""
| #define PACKAGE_BUGREPORT ""
| #define PACKAGE_URL ""
| #define STDC_HEADERS 1
| #define HAVE_SYS_TYPES_H 1
| #define HAVE_SYS_STAT_H 1
| #define HAVE_STDLIB_H 1
| #define HAVE_STRING_H 1
| #define HAVE_MEMORY_H 1
| #define HAVE_STRINGS_H 1
| #define HAVE_INTTYPES_H 1
| #define HAVE_STDINT_H 1
| #define HAVE_UNISTD_H 1
| #define __EXTENSIONS__ 1
| #define _ALL_SOURCE 1
| #define _GNU_SOURCE 1
| #define _POSIX_PTHREAD_SEMANTICS 1
| #define _TANDEM_SOURCE 1
| #define STDC_HEADERS 1
| #define HAVE_STRING_H 1
| #define HAVE_LIMITS_H 1
| #define HAVE_UNISTD_H 1
| #define HAVE_SYS_SOCKET_H 1
| #define HAVE_PWD_H 1
| #define HAVE_GRP_H 1
| #define HAVE_STRINGS_H 1
| #define HAVE_SYS_PRCTL_H 1
| #define HAVE_SYS_SEM_H 1
| #define HAVE_SYS_WAIT_H 1
| #define HAVE_GETPWNAM 1
| #define HAVE_GETGRNAM 1
| #define HAVE_INITGROUPS 1
| #define HAVE_PRCTL 1
| #define HAVE_TIMEGM 1
| #define HAVE_GETPGID 1
| #define HAVE_GMTOFF 1
| #define AP_ENABLE_V4_MAPPED 1
| #define HAVE_SYS_TIME_H 1
| #define HAVE_SYS_RESOURCE_H 1
| #define HAVE_SYS_SEM_H 1
| #define HAVE_SYS_IPC_H 1
| #define HAVE_SETSID 1
| #define HAVE_KILLPG 1
| /* end confdefs.h.  */
| #include <bstring.h>
configure:14731: result: no
configure:14731: checking for bstring.h
configure:14731: result: no
configure:14731: checking for unistd.h
configure:14731: result: yes
configure:14746: checking for syslog
configure:14746: gcc -o conftest  -g -O2 -pthread -I/usr/local/pcre/include  -DLINUX -D_REENTRANT -D_GNU_SOURCE   conftest.c -lm -L/usr/local/pcre/lib -lpcre >&5
configure:14746: $? = 0
configure:14746: result: yes
configure:14758: checking sys/times.h usability
configure:14758: gcc -c  -g -O2 -pthread -I/usr/local/pcre/include  -DLINUX -D_REENTRANT -D_GNU_SOURCE conftest.c >&5
configure:14758: $? = 0
configure:14758: result: yes
configure:14758: checking sys/times.h presence
configure:14758: gcc -E  -DLINUX -D_REENTRANT -D_GNU_SOURCE conftest.c
configure:14758: $? = 0
configure:14758: result: yes
configure:14758: checking for sys/times.h
configure:14758: result: yes
configure:14770: checking for times
configure:14770: gcc -o conftest  -g -O2 -pthread -I/usr/local/pcre/include  -DLINUX -D_REENTRANT -D_GNU_SOURCE   conftest.c -lm -L/usr/local/pcre/lib -lpcre >&5
configure:14770: $? = 0
configure:14770: result: yes
configure:14780: checking which MPM to use
configure:14796: result: worker
configure:15675: checking whether to enable mod_http
configure:15713: result: yes
configure:15768: checking whether to enable mod_mime
configure:15806: result: yes (default)
configure:15875: checking for extra modules
configure:15935: result: none
configure:15960: checking whether to enable mod_dav
configure:15998: result: no
configure:16106: checking whether to enable mod_status
configure:16144: result: yes (default)
configure:16199: checking whether to enable mod_autoindex
configure:16237: result: yes (default)
configure:16292: checking whether to enable mod_asis
configure:16330: result: yes (default)
configure:16385: checking whether to enable mod_info
configure:16423: result: no
configure:16478: checking whether to enable mod_suexec
configure:16528: result: no
configure:16599: checking whether to enable mod_cgid
configure:16637: result: yes (default)
configure:16692: checking whether to enable mod_cgi
configure:16730: result: no
configure:17119: checking for pthread_kill
configure:17119: gcc -o conftest  -g -O2 -pthread -I/usr/local/pcre/include  -DLINUX -D_REENTRANT -D_GNU_SOURCE   conftest.c -lm -L/usr/local/pcre/lib -lpcre >&5
configure:17119: $? = 0
configure:17119: result: yes
configure:17160: checking whether to enable mod_dav_fs
configure:17198: result: no
configure:17288: checking whether to enable mod_dav_lock
configure:17326: result: no
configure:17407: checking whether to enable mod_vhost_alias
configure:17445: result: no
configure:17500: checking whether to enable mod_negotiation
configure:17538: result: yes (default)
configure:17593: checking whether to enable mod_dir
configure:17631: result: yes (default)
configure:17686: checking whether to enable mod_imagemap
configure:17724: result: no
configure:17779: checking whether to enable mod_actions
configure:17817: result: yes (default)
configure:17872: checking whether to enable mod_speling
configure:17910: result: no
configure:17965: checking whether to enable mod_userdir
configure:18003: result: yes (default)
configure:18058: checking whether to enable mod_alias
configure:18096: result: yes (default)
configure:18152: checking whether to enable mod_rewrite
configure:18190: result: no
configure:18329: checking whether to enable mod_so
configure:18367: result: yes
configure:19356: creating ./config.status

## ---------------------- ##
## Running config.status. ##
## ---------------------- ##

This file was extended by config.status, which was
generated by GNU Autoconf 2.67.  Invocation command line was

  CONFIG_FILES    = 
  CONFIG_HEADERS  = 
  CONFIG_LINKS    = 
  CONFIG_COMMANDS = 
  $ ./config.status 

on ubuntu

config.status:1128: creating docs/conf/httpd.conf
config.status:1128: creating docs/conf/extra/httpd-autoindex.conf
config.status:1128: creating docs/conf/extra/httpd-dav.conf
config.status:1128: creating docs/conf/extra/httpd-default.conf
config.status:1128: creating docs/conf/extra/httpd-info.conf
config.status:1128: creating docs/conf/extra/httpd-languages.conf
config.status:1128: creating docs/conf/extra/httpd-manual.conf
config.status:1128: creating docs/conf/extra/httpd-mpm.conf
config.status:1128: creating docs/conf/extra/httpd-multilang-errordoc.conf
config.status:1128: creating docs/conf/extra/httpd-ssl.conf
config.status:1128: creating docs/conf/extra/httpd-userdir.conf
config.status:1128: creating docs/conf/extra/httpd-vhosts.conf
config.status:1128: creating include/ap_config_layout.h
config.status:1128: creating support/apxs
config.status:1128: creating support/apachectl
config.status:1128: creating support/dbmmanage
config.status:1128: creating support/envvars-std
config.status:1128: creating support/log_server_status
config.status:1128: creating support/logresolve.pl
config.status:1128: creating support/phf_abuse_log.cgi
config.status:1128: creating support/split-logfile
config.status:1128: creating build/rules.mk
config.status:1128: creating build/pkg/pkginfo
config.status:1128: creating build/config_vars.sh
config.status:1128: creating include/ap_config_auto.h
config.status:1311: executing default commands

## ---------------- ##
## Cache variables. ##
## ---------------- ##

ac_cv_build=aarch64-unknown-linux-gnu
ac_cv_c_compiler_gnu=yes
ac_cv_c_const=yes
ac_cv_define_APR_HAS_DSO=yes
ac_cv_define_APR_HAS_THREADS=yes
ac_cv_define_APR_HAVE_IPV6=yes
ac_cv_env_CC_set=
ac_cv_env_CC_value=
ac_cv_env_CFLAGS_set=
ac_cv_env_CFLAGS_value=
ac_cv_env_CPPFLAGS_set=
ac_cv_env_CPPFLAGS_value=
ac_cv_env_CPP_set=
ac_cv_env_CPP_value=
ac_cv_env_LDFLAGS_set=
ac_cv_env_LDFLAGS_value=
ac_cv_env_LIBS_set=
ac_cv_env_LIBS_value=
ac_cv_env_build_alias_set=
ac_cv_env_build_alias_value=
ac_cv_env_host_alias_set=
ac_cv_env_host_alias_value=
ac_cv_env_target_alias_set=
ac_cv_env_target_alias_value=
ac_cv_func_bindprocessor=no
ac_cv_func_getgrnam=yes
ac_cv_func_getpgid=yes
ac_cv_func_getpwnam=yes
ac_cv_func_initgroups=yes
ac_cv_func_killpg=yes
ac_cv_func_prctl=yes
ac_cv_func_pthread_kill=yes
ac_cv_func_setsid=yes
ac_cv_func_syslog=yes
ac_cv_func_timegm=yes
ac_cv_func_times=yes
ac_cv_header_bstring_h=no
ac_cv_header_grp_h=yes
ac_cv_header_inttypes_h=yes
ac_cv_header_limits_h=yes
ac_cv_header_memory_h=yes
ac_cv_header_minix_config_h=no
ac_cv_header_pwd_h=yes
ac_cv_header_stdc=yes
ac_cv_header_stdint_h=yes
ac_cv_header_stdlib_h=yes
ac_cv_header_string_h=yes
ac_cv_header_strings_h=yes
ac_cv_header_sys_ipc_h=yes
ac_cv_header_sys_prctl_h=yes
ac_cv_header_sys_processor_h=no
ac_cv_header_sys_resource_h=yes
ac_cv_header_sys_sem_h=yes
ac_cv_header_sys_socket_h=yes
ac_cv_header_sys_stat_h=yes
ac_cv_header_sys_time_h=yes
ac_cv_header_sys_times_h=yes
ac_cv_header_sys_types_h=yes
ac_cv_header_sys_wait_h=yes
ac_cv_header_unistd_h=yes
ac_cv_host=aarch64-unknown-linux-gnu
ac_cv_mkdir_p=yes
ac_cv_objext=o
ac_cv_path_EGREP='/bin/grep -E'
ac_cv_path_GREP=/bin/grep
ac_cv_path_RM=/bin/rm
ac_cv_path_RSYNC=/usr/bin/rsync
ac_cv_prog_AWK=gawk
ac_cv_prog_CPP='gcc -E'
ac_cv_prog_ac_ct_CC=gcc
ac_cv_prog_ac_ct_RANLIB=ranlib
ac_cv_prog_cc_c89=
ac_cv_prog_cc_g=yes
ac_cv_safe_to_define___extensions__=yes
ac_cv_search_crypt=-lcrypt
ac_cv_search_sqrt=-lm
ac_cv_search_strerror='none required'
ac_cv_struct_tm_gmtoff=yes
ac_cv_target=aarch64-unknown-linux-gnu
ac_cv_type_rlim_t=yes
ap_cv_aprver12=yes
ap_cv_apuver12=yes
ap_cv_void_ptr_lt_long=no
apache_cv_mpm=worker

## ----------------- ##
## Output variables. ##
## ----------------- ##

APACHECTL_ULIMIT='ulimit -S -n `ulimit -H -n`'
APR_BINDIR='/usr/local/apr/bin'
APR_CONFIG='/usr/local/apr/bin/apr-1-config'
APR_INCLUDEDIR='/usr/local/apr/include/apr-1'
APR_VERSION='1.5.2'
APU_BINDIR='/usr/local/apr-util/bin'
APU_CONFIG='/usr/local/apr-util/bin/apu-1-config'
APU_INCLUDEDIR='/usr/local/apr-util/include/apr-1'
APU_VERSION='1.5.4'
AP_BUILD_SRCLIB_DIRS=''
AP_CLEAN_SRCLIB_DIRS=''
AP_LIBS='  /usr/local/apr-util/lib/libaprutil-1.la     -lexpat  /usr/local/apr/lib/libapr-1.la -lrt -lcrypt  -lpthread -ldl'
AWK='gawk'
BUILTIN_LIBS=' modules/aaa/libmod_authn_file.la modules/aaa/libmod_authn_default.la modules/aaa/libmod_authz_host.la modules/aaa/libmod_authz_groupfile.la modules/aaa/libmod_authz_user.la modules/aaa/libmod_authz_default.la modules/aaa/libmod_auth_basic.la modules/filters/libmod_include.la modules/filters/libmod_filter.la modules/loggers/libmod_log_config.la modules/metadata/libmod_env.la modules/metadata/libmod_setenvif.la modules/metadata/libmod_version.la modules/http/libmod_http.la modules/http/libmod_mime.la modules/generators/libmod_status.la modules/generators/libmod_autoindex.la modules/generators/libmod_asis.la modules/generators/libmod_cgid.la modules/mappers/libmod_negotiation.la modules/mappers/libmod_dir.la modules/mappers/libmod_actions.la modules/mappers/libmod_userdir.la modules/mappers/libmod_alias.la modules/mappers/libmod_so.la'
CC='gcc'
CFLAGS=''
CORE_IMPLIB=''
CORE_IMPLIB_FILE=''
CPP='gcc -E'
CPPFLAGS=''
CRYPT_LIBS='-lcrypt '
CXX=''
CXXFLAGS=''
DEFS='-DHAVE_CONFIG_H'
DSO_MODULES=''
ECHO_C=''
ECHO_N='-n'
ECHO_T=''
EGREP='/bin/grep -E'
EXEEXT=''
EXTRA_CFLAGS=' -g -O2 -pthread -I/usr/local/pcre/include'
EXTRA_CPPFLAGS=' -DLINUX -D_REENTRANT -D_GNU_SOURCE'
EXTRA_CXXFLAGS=''
EXTRA_INCLUDES='-I. -I$(top_srcdir)/os/$(OS_DIR) -I$(top_srcdir)/server/mpm/$(MPM_SUBDIR_NAME) -I$(top_srcdir)/modules/http -I$(top_srcdir)/modules/filters -I$(top_srcdir)/modules/proxy -I$(top_srcdir)/include -I$(top_srcdir)/modules/generators -I$(top_srcdir)/modules/mappers -I$(top_srcdir)/modules/database -I/usr/local/apr/include/apr-1 -I/usr/local/apr-util/include/apr-1 -I$(top_srcdir)/modules/proxy/../generators -I$(top_srcdir)/modules/ssl -I$(top_srcdir)/modules/dav/main'
EXTRA_LDFLAGS=' '
EXTRA_LIBS='-lm -L/usr/local/pcre/lib -lpcre'
GREP='/bin/grep'
HTTPD_LDFLAGS='-export-dynamic'
HTTPD_VERSION='2.2.29'
INCLUDES=''
INSTALL='$(LIBTOOL) --mode=install $(abs_srcdir)/build/install.sh -c'
INSTALL_DSO='yes'
INSTALL_PROG_FLAGS=''
LDFLAGS=''
LIBOBJS=''
LIBS=''
LIBTOOL='/usr/local/apr/build-1/libtool $(LTFLAGS)'
LN_S='ln -s'
LTCFLAGS='-prefer-non-pic -static'
LTFLAGS='--silent'
LTLIBOBJS=''
LT_LDFLAGS=''
LYNX_PATH='lynx'
MKDEP='$(CC) -MM'
MKINSTALLDIRS='$(abs_srcdir)/build/mkdir.sh'
MK_IMPLIB=''
MODULE_CLEANDIRS=' arch/win32 cache database debug echo experimental ldap proxy ssl test dav/main dav/fs dav/lock'
MODULE_DIRS=' aaa filters loggers metadata http generators mappers'
MOD_ACTIONS_LDADD=''
MOD_ALIAS_LDADD=''
MOD_ASIS_LDADD=''
MOD_AUTHNZ_LDAP_LDADD=''
MOD_AUTHN_ALIAS_LDADD=''
MOD_AUTHN_ANON_LDADD=''
MOD_AUTHN_DBD_LDADD=''
MOD_AUTHN_DBM_LDADD=''
MOD_AUTHN_DEFAULT_LDADD=''
MOD_AUTHN_FILE_LDADD=''
MOD_AUTHZ_DBM_LDADD=''
MOD_AUTHZ_DEFAULT_LDADD=''
MOD_AUTHZ_GROUPFILE_LDADD=''
MOD_AUTHZ_HOST_LDADD=''
MOD_AUTHZ_OWNER_LDADD=''
MOD_AUTHZ_USER_LDADD=''
MOD_AUTH_BASIC_LDADD=''
MOD_AUTH_DIGEST_LDADD=''
MOD_AUTOINDEX_LDADD=''
MOD_BUCKETEER_LDADD=''
MOD_CACHE_LDADD=''
MOD_CASE_FILTER_IN_LDADD=''
MOD_CASE_FILTER_LDADD=''
MOD_CERN_META_LDADD=''
MOD_CGID_LDADD=''
MOD_CGI_LDADD=''
MOD_CHARSET_LITE_LDADD=''
MOD_DAV_FS_LDADD=''
MOD_DAV_LDADD=''
MOD_DAV_LOCK_LDADD=''
MOD_DBD_LDADD=''
MOD_DEFLATE_LDADD=''
MOD_DIR_LDADD=''
MOD_DISK_CACHE_LDADD=''
MOD_DUMPIO_LDADD=''
MOD_ECHO_LDADD=''
MOD_ENV_LDADD=''
MOD_EXAMPLE_LDADD=''
MOD_EXPIRES_LDADD=''
MOD_EXT_FILTER_LDADD=''
MOD_FILE_CACHE_LDADD=''
MOD_FILTER_LDADD=''
MOD_HEADERS_LDADD=''
MOD_HTTP_LDADD=''
MOD_IDENT_LDADD=''
MOD_IMAGEMAP_LDADD=''
MOD_INCLUDE_LDADD=''
MOD_INFO_LDADD=''
MOD_ISAPI_LDADD=''
MOD_LDAP_LDADD=''
MOD_LOGIO_LDADD=''
MOD_LOG_CONFIG_LDADD=''
MOD_LOG_FORENSIC_LDADD=''
MOD_MEM_CACHE_LDADD=''
MOD_MIME_LDADD=''
MOD_MIME_MAGIC_LDADD=''
MOD_NEGOTIATION_LDADD=''
MOD_OPTIONAL_FN_EXPORT_LDADD=''
MOD_OPTIONAL_FN_IMPORT_LDADD=''
MOD_OPTIONAL_HOOK_EXPORT_LDADD=''
MOD_OPTIONAL_HOOK_IMPORT_LDADD=''
MOD_PROXY_AJP_LDADD=''
MOD_PROXY_BALANCER_LDADD=''
MOD_PROXY_CONNECT_LDADD=''
MOD_PROXY_FTP_LDADD=''
MOD_PROXY_HTTP_LDADD=''
MOD_PROXY_LDADD=''
MOD_PROXY_SCGI_LDADD=''
MOD_REQTIMEOUT_LDADD=''
MOD_REWRITE_LDADD=''
MOD_SETENVIF_LDADD=''
MOD_SO_LDADD=''
MOD_SPELING_LDADD=''
MOD_SSL_LDADD=''
MOD_STATUS_LDADD=''
MOD_SUBSTITUTE_LDADD=''
MOD_SUEXEC_LDADD=''
MOD_UNIQUE_ID_LDADD=''
MOD_USERDIR_LDADD=''
MOD_USERTRACK_LDADD=''
MOD_VERSION_LDADD=''
MOD_VHOST_ALIAS_LDADD=''
MPM_LIB='server/mpm/worker/libworker.la'
MPM_NAME='worker'
MPM_SUBDIR_NAME='worker'
NONPORTABLE_SUPPORT='checkgid'
NOTEST_CFLAGS=''
NOTEST_CPPFLAGS=''
NOTEST_CXXFLAGS=''
NOTEST_LDFLAGS=''
NOTEST_LIBS=''
OBJEXT='o'
OS='unix'
OS_DIR='unix'
OS_SPECIFIC_VARS=''
PACKAGE_BUGREPORT=''
PACKAGE_NAME=''
PACKAGE_STRING=''
PACKAGE_TARNAME=''
PACKAGE_URL=''
PACKAGE_VERSION=''
PATH_SEPARATOR=':'
PCRE_CONFIG='/usr/local/pcre/bin/pcre-config'
PICFLAGS=''
PILDFLAGS=''
PKGCONFIG=''
PORT='80'
POST_SHARED_CMDS='echo ""'
PRE_SHARED_CMDS='echo ""'
RANLIB='ranlib'
RM='/bin/rm'
RSYNC='/usr/bin/rsync'
SHELL='/bin/bash'
SHLIBPATH_VAR='LD_LIBRARY_PATH'
SHLTCFLAGS='-prefer-pic'
SH_LDFLAGS=''
SH_LIBS=''
SH_LIBTOOL='$(LIBTOOL)'
SSLPORT='443'
SSL_LIBS=''
UTIL_LDFLAGS=''
ab_LTFLAGS=''
abs_srcdir='/root/apache+php/httpd-2.2.29'
ac_ct_CC='gcc'
ap_make_delimiter=' '
ap_make_include='include'
bindir='${exec_prefix}/bin'
build='aarch64-unknown-linux-gnu'
build_alias=''
build_cpu='aarch64'
build_os='linux-gnu'
build_vendor='unknown'
cgidir='${datadir}/cgi-bin'
checkgid_LTFLAGS=''
datadir='${prefix}'
datarootdir='${prefix}/share'
docdir='${datarootdir}/doc/${PACKAGE}'
dvidir='${docdir}'
errordir='${datadir}/error'
exec_prefix='${prefix}'
exp_bindir='/usr/local/apache2/bin'
exp_cgidir='/usr/local/apache2/cgi-bin'
exp_datadir='/usr/local/apache2'
exp_errordir='/usr/local/apache2/error'
exp_exec_prefix='/usr/local/apache2'
exp_htdocsdir='/usr/local/apache2/htdocs'
exp_iconsdir='/usr/local/apache2/icons'
exp_includedir='/usr/local/apache2/include'
exp_installbuilddir='/usr/local/apache2/build'
exp_libdir='/usr/local/apache2/lib'
exp_libexecdir='/usr/local/apache2/modules'
exp_localstatedir='/usr/local/apache2'
exp_logfiledir='/usr/local/apache2/logs'
exp_mandir='/usr/local/apache2/man'
exp_manualdir='/usr/local/apache2/manual'
exp_proxycachedir='/usr/local/apache2/proxy'
exp_runtimedir='/usr/local/apache2/logs'
exp_sbindir='/usr/local/apache2/bin'
exp_sysconfdir='/usr/local/apache2/conf'
host='aarch64-unknown-linux-gnu'
host_alias=''
host_cpu='aarch64'
host_os='linux-gnu'
host_vendor='unknown'
htcacheclean_LTFLAGS=''
htdbm_LTFLAGS=''
htdigest_LTFLAGS=''
htdocsdir='${datadir}/htdocs'
htmldir='${docdir}'
htpasswd_LTFLAGS=''
httxt2dbm_LTFLAGS=''
iconsdir='${datadir}/icons'
includedir='${prefix}/include'
infodir='${datarootdir}/info'
installbuilddir='${datadir}/build'
libdir='${exec_prefix}/lib'
libexecdir='${exec_prefix}/modules'
localedir='${datarootdir}/locale'
localstatedir='${prefix}'
logfiledir='${localstatedir}/logs'
logresolve_LTFLAGS=''
mandir='${prefix}/man'
manualdir='${datadir}/manual'
nonssl_listen_stmt_1=''
nonssl_listen_stmt_2=''
oldincludedir='/usr/include'
other_targets=''
pdfdir='${docdir}'
perlbin='/usr/bin/perl'
prefix='/usr/local/apache2'
progname='httpd'
program_transform_name='s,x,x,'
proxycachedir='${localstatedir}/proxy'
psdir='${docdir}'
rel_bindir='bin'
rel_cgidir='cgi-bin'
rel_datadir=''
rel_errordir='error'
rel_exec_prefix=''
rel_htdocsdir='htdocs'
rel_iconsdir='icons'
rel_includedir='include'
rel_installbuilddir='build'
rel_libdir='lib'
rel_libexecdir='modules'
rel_localstatedir=''
rel_logfiledir='logs'
rel_mandir='man'
rel_manualdir='manual'
rel_proxycachedir='proxy'
rel_runtimedir='logs'
rel_sbindir='bin'
rel_sysconfdir='conf'
rotatelogs_LTFLAGS=''
runtimedir='${localstatedir}/logs'
sbindir='${exec_prefix}/bin'
shared_build=''
sharedstatedir='${prefix}/com'
sysconfdir='${prefix}/conf'
target='aarch64-unknown-linux-gnu'
target_alias=''
target_cpu='aarch64'
target_os='linux-gnu'
target_vendor='unknown'

## ----------- ##
## confdefs.h. ##
## ----------- ##

/* confdefs.h */
#define PACKAGE_NAME ""
#define PACKAGE_TARNAME ""
#define PACKAGE_VERSION ""
#define PACKAGE_STRING ""
#define PACKAGE_BUGREPORT ""
#define PACKAGE_URL ""
#define STDC_HEADERS 1
#define HAVE_SYS_TYPES_H 1
#define HAVE_SYS_STAT_H 1
#define HAVE_STDLIB_H 1
#define HAVE_STRING_H 1
#define HAVE_MEMORY_H 1
#define HAVE_STRINGS_H 1
#define HAVE_INTTYPES_H 1
#define HAVE_STDINT_H 1
#define HAVE_UNISTD_H 1
#define __EXTENSIONS__ 1
#define _ALL_SOURCE 1
#define _GNU_SOURCE 1
#define _POSIX_PTHREAD_SEMANTICS 1
#define _TANDEM_SOURCE 1
#define STDC_HEADERS 1
#define HAVE_STRING_H 1
#define HAVE_LIMITS_H 1
#define HAVE_UNISTD_H 1
#define HAVE_SYS_SOCKET_H 1
#define HAVE_PWD_H 1
#define HAVE_GRP_H 1
#define HAVE_STRINGS_H 1
#define HAVE_SYS_PRCTL_H 1
#define HAVE_SYS_SEM_H 1
#define HAVE_SYS_WAIT_H 1
#define HAVE_GETPWNAM 1
#define HAVE_GETGRNAM 1
#define HAVE_INITGROUPS 1
#define HAVE_PRCTL 1
#define HAVE_TIMEGM 1
#define HAVE_GETPGID 1
#define HAVE_GMTOFF 1
#define AP_ENABLE_V4_MAPPED 1
#define HAVE_SYS_TIME_H 1
#define HAVE_SYS_RESOURCE_H 1
#define HAVE_SYS_SEM_H 1
#define HAVE_SYS_IPC_H 1
#define HAVE_SETSID 1
#define HAVE_KILLPG 1
#define HAVE_UNISTD_H 1
#define HAVE_SYSLOG 1
#define HAVE_SYS_TIMES_H 1
#define HAVE_TIMES 1
#define HAVE_PTHREAD_KILL 1
#define AP_USING_AUTOCONF 1
#define SINGLE_LISTEN_UNSERIALIZED_ACCEPT 1
#define AP_NONBLOCK_WHEN_MULTI_LISTEN 1
#define HTTPD_ROOT "/usr/local/apache2"
#define SERVER_CONFIG_FILE "conf/httpd.conf"
#define AP_TYPES_CONFIG_FILE "conf/mime.types"
#define APACHE_MPM_DIR "server/mpm/worker"

configure: exit 0
